<?xml version="1.0" encoding="UTF-8"?>
<testng-results ignored="0" total="1" passed="1" failed="0" skipped="0">
  <reporter-output>
  </reporter-output>
  <suite started-at="2025-02-26T18:59:45 MST" name="Default suite" finished-at="2025-02-26T18:59:58 MST" duration-ms="13098">
    <groups>
    </groups>
    <test started-at="2025-02-26T18:59:45 MST" name="Default test" finished-at="2025-02-26T18:59:58 MST" duration-ms="13098">
      <class name="com.testscenarios.Justrecharge">
        <test-method signature="f()[pri:0, instance:com.testscenarios.Justrecharge@123ef382]" started-at="2025-02-26T18:59:45 MST" name="f" finished-at="2025-02-26T18:59:58 MST" duration-ms="13068" status="PASS">
          <reporter-output>
          </reporter-output>
        </test-method> <!-- f -->
      </class> <!-- com.testscenarios.Justrecharge -->
    </test> <!-- Default test -->
  </suite> <!-- Default suite -->
</testng-results>
